<?xml version="1.0" encoding="utf-8"?><testsuites><testsuite name="pytest" errors="0" failures="0" skipped="0" tests="3" time="26.211" timestamp="2022-07-20T16:04:42.304362" hostname="LAPTOP-JICEAHT9"><testcase classname="test_HomePage.TestHomePage" name="test_formSubmission[getData0]" time="10.501" /><testcase classname="test_HomePage.TestHomePage" name="test_formSubmission[getData1]" time="0.646" /><testcase classname="test_e2e.TestOne" name="test_e2e" time="15.034" /></testsuite></testsuites>